<report xmlns="http://projectpilot/AccipioTestRunReport.xsd" xmlns:msxsl="urn:schemas-microsoft-com:xslt" xmlns:g="http://www.gallio.org/">
  <testRun startTime="2009-02-17T07:23:18.3197264+01:00" duration="603.7860504">
    <suites>
      <suite id="IT3SuiteTestSuite" />
      <suite id="SmsUISuiteTestSuite" />
      <suite id="SPGUISuiteTestSuite">
        <case id="AddDifferentSubsFromTopTopicLinkMms" startTime="2009-02-17T07:23:19.0007056+01:00" duration="13.3988708" status="failed">
          <userStories>
            <userStory>SPGUI.AddSubs.OnUpdate</userStory>
          </userStories>
          <error>
            Table with subscriptions should not be present

            Actual Value : true

            at Hsl.Ganesha.AcceptanceTests.SeleniumTesterBase.AssertElementIsNotPresent(String locator, String errorMessage) in d:\svn\Mimi\trunk\source\Hsl.Ganesha.AcceptanceTests\SeleniumTesterBase.cs:line 141
            at Hsl.Ganesha.AcceptanceTests.SpGuiTester.AssertSubscriptionsCount(Int32 count) in d:\svn\Mimi\trunk\source\Hsl.Ganesha.AcceptanceTests\SpGuiTester.cs:line 212
            at Hsl.Ganesha.AcceptanceTests.SPGUISuiteTestSuite.AddDifferentSubsFromTopTopicLinkMms() in d:\svn\Mimi\trunk\source\Hsl.Ganesha.AcceptanceTests\Iteration2.cs:line 41
          </error>
        </case>
        <case id="AddDifferentSubsFromTopTopicLinkSms" startTime="2009-02-17T07:23:32.3599152+01:00" duration="0.024345799999999997" status="skipped">
          <userStories>
            <userStory>SPGUI.AddSubs.OnUpdate</userStory>
          </userStories>
        </case>
        <case id="AddOnUpdateSubscriptionMms" startTime="2009-02-17T07:23:32.3899584+01:00" duration="16.3853866" status="skipped">
          <userStories>
            <userStory>SPGUI.AddSubs.OnUpdate</userStory>
          </userStories>
        </case>
        <case id="AddOnUpdateSubscriptionSms" startTime="2009-02-17T07:23:48.8235888+01:00" duration="11.4743306" status="failed">
          <userStories>
            <userStory>SPGUI.AddSubs.OnUpdate</userStory>
          </userStories>
          <error>
            Table with subscriptions should not be present

            Actual Value : true

            at Hsl.Ganesha.AcceptanceTests.SeleniumTesterBase.AssertElementIsNotPresent(String locator, String errorMessage) in d:\svn\Mimi\trunk\source\Hsl.Ganesha.AcceptanceTests\SeleniumTesterBase.cs:line 141
            at Hsl.Ganesha.AcceptanceTests.SpGuiTester.AssertSubscriptionsCount(Int32 count) in d:\svn\Mimi\trunk\source\Hsl.Ganesha.AcceptanceTests\SpGuiTester.cs:line 212
            at Hsl.Ganesha.AcceptanceTests.SPGUISuiteTestSuite.AddOnUpdateSubscriptionSms() in d:\svn\Mimi\trunk\source\Hsl.Ganesha.AcceptanceTests\Iteration2.cs:line 408
          </error>
        </case>
        <case id="AddOnUpdateSubscriptionThroughTopTopic" startTime="2009-02-17T07:24:00.3101056+01:00" duration="11.4953107" status="failed">
          <userStories>
            <userStory>SPGUI.AddSubs.OnUpdate</userStory>
          </userStories>
          <error>
            Table with subscriptions should not be present

            Actual Value : true

            at Hsl.Ganesha.AcceptanceTests.SeleniumTesterBase.AssertElementIsNotPresent(String locator, String errorMessage) in d:\svn\Mimi\trunk\source\Hsl.Ganesha.AcceptanceTests\SeleniumTesterBase.cs:line 141
            at Hsl.Ganesha.AcceptanceTests.SpGuiTester.AssertSubscriptionsCount(Int32 count) in d:\svn\Mimi\trunk\source\Hsl.Ganesha.AcceptanceTests\SpGuiTester.cs:line 212
            at Hsl.Ganesha.AcceptanceTests.SPGUISuiteTestSuite.AddOnUpdateSubscriptionThroughTopTopic() in d:\svn\Mimi\trunk\source\Hsl.Ganesha.AcceptanceTests\Iteration2.cs:line 488
          </error>
        </case>
        <case id="AddOnUpdateSubsSeveralThroughSMSUi" startTime="2009-02-17T07:24:11.7665792+01:00" duration="18.4362219" status="failed">
          <userStories>
            <userStory>SPGUI.ViewSubscriptionsList</userStory>
          </userStories>
          <error>
            Wrong subscriptions count: expected = 2; actual = 3

            Expected Value : 2
            Actual Value   : 3

            at Hsl.Ganesha.AcceptanceTests.SpGuiTester.AssertSubscriptionsCount(Int32 count) in d:\svn\Mimi\trunk\source\Hsl.Ganesha.AcceptanceTests\SpGuiTester.cs:line 235
            at Hsl.Ganesha.AcceptanceTests.SPGUISuiteTestSuite.AddOnUpdateSubsSeveralThroughSMSUi() in d:\svn\Mimi\trunk\source\Hsl.Ganesha.AcceptanceTests\Iteration2.cs:line 590
          </error>
        </case>
        <case id="AddOnUpdateSubsSeveralThroughSMSUi1" startTime="2009-02-17T07:24:30.2331328+01:00" duration="17.7127517" status="failed">
          <userStories>
            <userStory>SPGUI.ViewSubscriptionsList</userStory>
          </userStories>
          <error>
            Wrong subscriptions count: expected = 2; actual = 3

            Expected Value : 2
            Actual Value   : 3

            at Hsl.Ganesha.AcceptanceTests.SpGuiTester.AssertSubscriptionsCount(Int32 count) in d:\svn\Mimi\trunk\source\Hsl.Ganesha.AcceptanceTests\SpGuiTester.cs:line 235
            at Hsl.Ganesha.AcceptanceTests.SPGUISuiteTestSuite.AddOnUpdateSubsSeveralThroughSMSUi1() in d:\svn\Mimi\trunk\source\Hsl.Ganesha.AcceptanceTests\Iteration2.cs:line 694
          </error>
        </case>
        <case id="AddPeriodicalSubscriptionMms" startTime="2009-02-17T07:24:48.0086928+01:00" duration="18.3402133" status="skipped">
          <userStories>
            <userStory>SPGUI.AddSubs.Periodical</userStory>
          </userStories>
        </case>
        <case id="AddPeriodicalSubscriptionSms" startTime="2009-02-17T07:25:06.3250304+01:00" duration="11.648621799999999" status="failed">
          <userStories>
            <userStory>SPGUI.AddSubs.Periodical</userStory>
          </userStories>
          <error>
            Table with subscriptions should not be present

            Actual Value : true

            at Hsl.Ganesha.AcceptanceTests.SeleniumTesterBase.AssertElementIsNotPresent(String locator, String errorMessage) in d:\svn\Mimi\trunk\source\Hsl.Ganesha.AcceptanceTests\SeleniumTesterBase.cs:line 141
            at Hsl.Ganesha.AcceptanceTests.SpGuiTester.AssertSubscriptionsCount(Int32 count) in d:\svn\Mimi\trunk\source\Hsl.Ganesha.AcceptanceTests\SpGuiTester.cs:line 212
            at Hsl.Ganesha.AcceptanceTests.SPGUISuiteTestSuite.AddPeriodicalSubscriptionSms() in d:\svn\Mimi\trunk\source\Hsl.Ganesha.AcceptanceTests\Iteration2.cs:line 856
          </error>
        </case>
        <case id="AddPeriodicalSubsThroughSeveralSMSUi2" startTime="2009-02-17T07:25:18.0018208+01:00" duration="46.3891156" status="passed">
          <userStories>
            <userStory>SPGUI.ViewSubscriptionsList</userStory>
          </userStories>
        </case>
        <case id="AddPeriodicalSubsThroughSMSUi" startTime="2009-02-17T07:26:04.2583344+01:00" duration="35.4587745" status="passed">
          <userStories>
            <userStory>SPGUI.ViewSubscriptionsList</userStory>
          </userStories>
        </case>
        <case id="AddScheduledSubscriptionMms" startTime="2009-02-17T07:26:40.400304+01:00" duration="16.8058946" status="skipped">
          <userStories>
            <userStory>SPGUI.AddSubs.Schedule</userStory>
          </userStories>
        </case>
        <case id="AddScheduledSubscriptionSms" startTime="2009-02-17T07:26:57.2845824+01:00" duration="12.3414428" status="failed">
          <userStories>
            <userStory>SPGUI.AddSubs.Schedule</userStory>
          </userStories>
          <error>
            Table with subscriptions should not be present

            Actual Value : true

            at Hsl.Ganesha.AcceptanceTests.SeleniumTesterBase.AssertElementIsNotPresent(String locator, String errorMessage) in d:\svn\Mimi\trunk\source\Hsl.Ganesha.AcceptanceTests\SeleniumTesterBase.cs:line 141
            at Hsl.Ganesha.AcceptanceTests.SpGuiTester.AssertSubscriptionsCount(Int32 count) in d:\svn\Mimi\trunk\source\Hsl.Ganesha.AcceptanceTests\SpGuiTester.cs:line 212
            at Hsl.Ganesha.AcceptanceTests.SPGUISuiteTestSuite.AddScheduledSubscriptionSms() in d:\svn\Mimi\trunk\source\Hsl.Ganesha.AcceptanceTests\Iteration2.cs:line 1210
          </error>
        </case>
        <case id="AddScheduleSubsThroughSMSUi" startTime="2009-02-17T07:27:09.7625248+01:00" duration="18.9688287" status="failed">
          <userStories>
            <userStory>SPGUI.ViewSubscriptionsList</userStory>
          </userStories>
          <error>
            Wrong subscriptions count: expected = 1; actual = 3

            Expected Value : 1
            Actual Value   : 3

            at Hsl.Ganesha.AcceptanceTests.SpGuiTester.AssertSubscriptionsCount(Int32 count) in d:\svn\Mimi\trunk\source\Hsl.Ganesha.AcceptanceTests\SpGuiTester.cs:line 235
            at Hsl.Ganesha.AcceptanceTests.SPGUISuiteTestSuite.AddScheduleSubsThroughSMSUi() in d:\svn\Mimi\trunk\source\Hsl.Ganesha.AcceptanceTests\Iteration2.cs:line 1311
          </error>
        </case>
        <case id="AddSchedulSubsThroughSeveralSMSUi3" startTime="2009-02-17T07:27:28.8099136+01:00" duration="15.488837799999999" status="failed">
          <userStories>
            <userStory>SPGUI.ViewSubscriptionsList</userStory>
          </userStories>
          <error>
            Expected Value : "Na dni: pon, tor, sre, čet, pet, sob, ned ob 08:33\nNa dni: pet, sob, ned ob 18:55\nNa dni: pon, tor, sre, čet, pet ob 07:07"
            Actual Value   : "Na dni: pon,tor,sre,čet,pet,sob,ned ob 08:33\nNa dni: pet,sob,ned ob 18:55\nNa dni: pon,tor,sre,čet,pet ob 07:07"

            at Hsl.Ganesha.AcceptanceTests.SpGuiTester.AssertSubscriptionPresent(Int32 subscriptionPosition, String topic, String sendTime, String duration) in d:\svn\Mimi\trunk\source\Hsl.Ganesha.AcceptanceTests\SpGuiTester.cs:line 192
            at Hsl.Ganesha.AcceptanceTests.MiMiTestRunner.AssertSubscriptionInList(Int32 subscriptionPosition, String topic, String sendTime, String duration) in d:\svn\Mimi\trunk\source\Hsl.Ganesha.AcceptanceTests\MiMiTestRunner.cs:line 364
            at Hsl.Ganesha.AcceptanceTests.SPGUISuiteTestSuite.AddSchedulSubsThroughSeveralSMSUi3() in d:\svn\Mimi\trunk\source\Hsl.Ganesha.AcceptanceTests\Iteration2.cs:line 1387
          </error>
        </case>
        <case id="AddSubscriptionThroughTopTopicLink" startTime="2009-02-17T07:27:44.7227952+01:00" duration="14.7367265" status="skipped">
          <userStories>
            <userStory>SPGUI.AddSubs.OnUpdate</userStory>
          </userStories>
        </case>
        <case id="AddSubsToBothChannels" startTime="2009-02-17T07:27:59.66428+01:00" duration="38.7753113" status="passed">
          <userStories>
            <userStory>SPGUI.ViewSubscriptionsList</userStory>
          </userStories>
        </case>
        <case id="AssertAddSubsPageIsOpen" startTime="2009-02-17T07:28:38.3499072+01:00" duration="13.531709099999999" status="failed">
          <userStories>
            <userStory>SPGUI.TopTopics</userStory>
          </userStories>
          <error>
            Table with subscriptions should not be present

            Actual Value : true

            at Hsl.Ganesha.AcceptanceTests.SeleniumTesterBase.AssertElementIsNotPresent(String locator, String errorMessage) in d:\svn\Mimi\trunk\source\Hsl.Ganesha.AcceptanceTests\SeleniumTesterBase.cs:line 141
            at Hsl.Ganesha.AcceptanceTests.SpGuiTester.AssertSubscriptionsCount(Int32 count) in d:\svn\Mimi\trunk\source\Hsl.Ganesha.AcceptanceTests\SpGuiTester.cs:line 212
            at Hsl.Ganesha.AcceptanceTests.SPGUISuiteTestSuite.AssertAddSubsPageIsOpen() in d:\svn\Mimi\trunk\source\Hsl.Ganesha.AcceptanceTests\Iteration2.cs:line 1664
          </error>
        </case>
        <case id="CancelOnUpdateSubscription" startTime="2009-02-17T07:28:51.98952+01:00" duration="11.746092299999999" status="failed">
          <userStories>
            <userStory>SPGUI.AddSubs.OnUpdate</userStory>
          </userStories>
          <error>
            Table with subscriptions should not be present

            Actual Value : true

            at Hsl.Ganesha.AcceptanceTests.SeleniumTesterBase.AssertElementIsNotPresent(String locator, String errorMessage) in d:\svn\Mimi\trunk\source\Hsl.Ganesha.AcceptanceTests\SeleniumTesterBase.cs:line 141
            at Hsl.Ganesha.AcceptanceTests.SpGuiTester.AssertSubscriptionsCount(Int32 count) in d:\svn\Mimi\trunk\source\Hsl.Ganesha.AcceptanceTests\SpGuiTester.cs:line 212
            at Hsl.Ganesha.AcceptanceTests.SPGUISuiteTestSuite.CancelOnUpdateSubscription() in d:\svn\Mimi\trunk\source\Hsl.Ganesha.AcceptanceTests\Iteration2.cs:line 1704
          </error>
        </case>
        <case id="CancelPeriodicalSubscription" startTime="2009-02-17T07:29:04.0668864+01:00" duration="14.4881941" status="skipped">
          <userStories>
            <userStory>SPGUI.AddSubs.Periodical</userStory>
          </userStories>
        </case>
        <case id="CancelRemoveSmsSubsFromSpGui2" startTime="2009-02-17T07:29:18.6678816+01:00" duration="24.3024381" status="failed">
          <userStories>
            <userStory>SPGUI.RemoveSubs</userStory>
          </userStories>
          <error>
            Wrong subscriptions count: expected = 1; actual = 3

            Expected Value : 1
            Actual Value   : 3

            at Hsl.Ganesha.AcceptanceTests.SpGuiTester.AssertSubscriptionsCount(Int32 count) in d:\svn\Mimi\trunk\source\Hsl.Ganesha.AcceptanceTests\SpGuiTester.cs:line 235
            at Hsl.Ganesha.AcceptanceTests.SPGUISuiteTestSuite.CancelRemoveSmsSubsFromSpGui2() in d:\svn\Mimi\trunk\source\Hsl.Ganesha.AcceptanceTests\Iteration2.cs:line 1843
          </error>
        </case>
        <case id="CancelScheduleSubscriptionSms" startTime="2009-02-17T07:29:43.2231904+01:00" duration="15.538498299999999" status="failed">
          <userStories>
            <userStory>SPGUI.AddSubs.Schedule</userStory>
          </userStories>
          <error>
            Wrong subscriptions count: expected = 1; actual = 2

            Expected Value : 1
            Actual Value   : 2

            at Hsl.Ganesha.AcceptanceTests.SpGuiTester.AssertSubscriptionsCount(Int32 count) in d:\svn\Mimi\trunk\source\Hsl.Ganesha.AcceptanceTests\SpGuiTester.cs:line 235
            at Hsl.Ganesha.AcceptanceTests.SPGUISuiteTestSuite.CancelScheduleSubscriptionSms() in d:\svn\Mimi\trunk\source\Hsl.Ganesha.AcceptanceTests\Iteration2.cs:line 1915
          </error>
        </case>
        <case id="ChangeOnUpdateSubscriptionSms1" startTime="2009-02-17T07:29:58.9658272+01:00" duration="15.618387199999999" status="failed">
          <userStories>
            <userStory>SPGUI.ChangeSubs</userStory>
          </userStories>
          <error>
            Wrong subscriptions count: expected = 3; actual = 4

            Expected Value : 3
            Actual Value   : 4

            at Hsl.Ganesha.AcceptanceTests.SpGuiTester.AssertSubscriptionsCount(Int32 count) in d:\svn\Mimi\trunk\source\Hsl.Ganesha.AcceptanceTests\SpGuiTester.cs:line 235
            at Hsl.Ganesha.AcceptanceTests.SPGUISuiteTestSuite.ChangeOnUpdateSubscriptionSms1() in d:\svn\Mimi\trunk\source\Hsl.Ganesha.AcceptanceTests\Iteration2.cs:line 2025
          </error>
        </case>
        <case id="ChangeOnUpdateSubscriptionSms2" startTime="2009-02-17T07:30:14.8486656+01:00" duration="25.1390785" status="skipped">
          <userStories>
            <userStory>SPGUI.ChangeSubs</userStory>
          </userStories>
        </case>
        <case id="ChangePeriodicalSubscriptionSms" startTime="2009-02-17T07:30:40.5756592+01:00" duration="22.276822" status="skipped">
          <userStories>
            <userStory>SPGUI.ChangeSubs</userStory>
          </userStories>
        </case>
        <case id="ChangeSchedSubscriptionSms" startTime="2009-02-17T07:31:03.2082032+01:00" duration="19.7986319" status="failed">
          <userStories>
            <userStory>SPGUI.ChangeSubs</userStory>
          </userStories>
          <error>
            Expected Value : "Na dni: pon, sre, čet, pet ob 07:30\nNa dni: sob, ned ob 09:00\nNa dni: tor ob 17:22"
            Actual Value   : "Na dni: pon,sre,čet,pet ob 07:30\nNa dni: sob,ned ob 09:00\nNa dni: tor ob 17:22"

            at Hsl.Ganesha.AcceptanceTests.SpGuiTester.AssertSubscriptionPresent(Int32 subscriptionPosition, String topic, String sendTime, String duration) in d:\svn\Mimi\trunk\source\Hsl.Ganesha.AcceptanceTests\SpGuiTester.cs:line 192
            at Hsl.Ganesha.AcceptanceTests.MiMiTestRunner.AssertSubscriptionInList(Int32 subscriptionPosition, String topic, String sendTime, String duration) in d:\svn\Mimi\trunk\source\Hsl.Ganesha.AcceptanceTests\MiMiTestRunner.cs:line 364
            at Hsl.Ganesha.AcceptanceTests.SPGUISuiteTestSuite.ChangeSchedSubscriptionSms() in d:\svn\Mimi\trunk\source\Hsl.Ganesha.AcceptanceTests\Iteration2.cs:line 2337
          </error>
        </case>
        <case id="ChangeScheduleSubscriptionMms" startTime="2009-02-17T07:31:23.2770608+01:00" duration="13.331822599999999" status="failed">
          <userStories>
            <userStory>SPGUI.ChangeSubs</userStory>
          </userStories>
          <error>
            Wrong subscriptions count: expected = 1; actual = 3

            Expected Value : 1
            Actual Value   : 3

            at Hsl.Ganesha.AcceptanceTests.SpGuiTester.AssertSubscriptionsCount(Int32 count) in d:\svn\Mimi\trunk\source\Hsl.Ganesha.AcceptanceTests\SpGuiTester.cs:line 235
            at Hsl.Ganesha.AcceptanceTests.SPGUISuiteTestSuite.ChangeScheduleSubscriptionMms() in d:\svn\Mimi\trunk\source\Hsl.Ganesha.AcceptanceTests\Iteration2.cs:line 2436
          </error>
        </case>
        <case id="ChangeSubscriptionWithWrongIntervalParam" startTime="2009-02-17T07:31:37.1670336+01:00" duration="17.902848799999997" status="skipped">
          <userStories>
            <userStory>SPGUI.ChangeSubs</userStory>
          </userStories>
        </case>
        <case id="ChangeSubscriptionWithWrongTimeParam" startTime="2009-02-17T07:31:55.102824+01:00" duration="26.0939521" status="skipped">
          <userStories>
            <userStory>SPGUI.ChangeSubs</userStory>
          </userStories>
        </case>
        <case id="CheckTheExactnessOfGroupsAndTopicsMms" startTime="2009-02-17T07:32:21.490768+01:00" duration="16.1862574" status="failed">
          <userStories>
            <userStory>SPGUI.Topics.HierarchyTree</userStory>
          </userStories>
          <error>
            Selected group has invalid number of topics: expected = 1; actual = 0

            Expected Value : 1
            Actual Value   : 0

            at Hsl.Ganesha.AcceptanceTests.SpGuiTester.AssertTopicsCount(Int32 numberOfTopics) in d:\svn\Mimi\trunk\source\Hsl.Ganesha.AcceptanceTests\SpGuiTester.cs:line 309
            at Hsl.Ganesha.AcceptanceTests.SPGUISuiteTestSuite.CheckTheExactnessOfGroupsAndTopicsMms() in d:\svn\Mimi\trunk\source\Hsl.Ganesha.AcceptanceTests\Iteration2.cs:line 2758
          </error>
        </case>
        <case id="CheckTheExactnessOfGroupsAndTopicsSms" startTime="2009-02-17T07:32:37.81424+01:00" duration="27.2454817" status="failed">
          <userStories>
            <userStory>SPGUI.Topics.HierarchyTree</userStory>
          </userStories>
          <error>
            Topic 'OVEM' is not present at given position 1.

            Actual Value : false

            at Hsl.Ganesha.AcceptanceTests.SeleniumTesterBase.AssertElementIsPresent(String locator, String errorMessageFormat, Object[] args) in d:\svn\Mimi\trunk\source\Hsl.Ganesha.AcceptanceTests\SeleniumTesterBase.cs:line 155
            at Hsl.Ganesha.AcceptanceTests.SpGuiTester.AssertTopicDescription(String topic, Int32 sequenceNumberInList, String topicDescription) in d:\svn\Mimi\trunk\source\Hsl.Ganesha.AcceptanceTests\SpGuiTester.cs:line 258
            at Hsl.Ganesha.AcceptanceTests.MiMiTestRunner.AssertTopicDescription(String topic, Int32 sequenceNumberInList, String topicDescription) in d:\svn\Mimi\trunk\source\Hsl.Ganesha.AcceptanceTests\MiMiTestRunner.cs:line 783
            at Hsl.Ganesha.AcceptanceTests.SPGUISuiteTestSuite.CheckTheExactnessOfGroupsAndTopicsSms() in d:\svn\Mimi\trunk\source\Hsl.Ganesha.AcceptanceTests\Iteration2.cs:line 2887
          </error>
        </case>
        <case id="CountAllAvailableTopicsForMmsChannel" startTime="2009-02-17T07:33:05.3438256+01:00" duration="20.0429875" status="failed">
          <userStories>
            <userStory>SPGUI.Topics.HierarchyTree</userStory>
          </userStories>
          <error>
            The test timed out after 600 seconds.
            System.Threading.ThreadAbortException: Thread was being aborted.
            at System.Threading.Thread.AbortInternal()
            at System.Threading.Thread.Abort(Object stateInfo)The test timed out after 600 seconds.
            System.Threading.ThreadAbortException: Thread was being aborted.
            at System.Threading.Thread.AbortInternal()
            at System.Threading.Thread.Abort(Object stateInfo)
          </error>
        </case>
      </suite>
    </suites>
  </testRun>
</report>