<report xmlns="http://projectpilot/AccipioTestRunReport.xsd" xmlns:msxsl="urn:schemas-microsoft-com:xslt" xmlns:g="http://www.gallio.org/">
  <testRun startTime="2009-02-02T14:40:13.2713442+01:00" duration="517.75093229999993" version="">
    <suites>
      <suite id="SmsUISuiteTestSuite">
        <case id="AddMultiScheduledSubs" startTime="2009-02-02T14:40:13.8494877+01:00" duration="65.6788579" status="passed">
          <userStories>
            <userStory>SMSUi.AddSubs.Schedule</userStory>
          </userStories>
        </case>
        <case id="AddScheduledSubs" startTime="2009-02-02T14:40:13.8651132+01:00" duration="35.6226722" status="passed">
          <userStories>
            <userStory>SMSUi.AddSubs.Schedule</userStory>
          </userStories>
        </case>
        <case id="AddSubsPeriod" startTime="2009-02-02T14:40:13.8651132+01:00" duration="35.684801" status="passed">
          <userStories>
            <userStory>SMSUi.AddSubs.Periodical</userStory>
          </userStories>
        </case>
        <case id="AddSubsOnUpdateNotExist1" startTime="2009-02-02T14:40:13.8651132+01:00" duration="35.610590099999996" status="passed">
          <userStories>
            <userStory>SMSUi.AddSubs.OnUpdate</userStory>
          </userStories>
        </case>
        <case id="AddSubsPerNotExist" startTime="2009-02-02T14:40:13.8963642+01:00" duration="35.5155923" status="passed">
          <userStories>
            <userStory>SMSUi.AddSubs.Periodical</userStory>
          </userStories>
        </case>
        <case id="AddSubsPerNotExist2" startTime="2009-02-02T14:40:13.9432407+01:00" duration="35.6293503" status="passed">
          <userStories>
            <userStory>SMSUi.AddSubs.Schedule</userStory>
          </userStories>
        </case>
        <case id="CasSubsNotAllowed" startTime="2009-02-02T14:40:13.9588662+01:00" duration="35.6752384" status="passed">
          <userStories>
            <userStory>SMSUi.AddSubs.Schedule</userStory>
          </userStories>
        </case>
        <case id="ExpectBillingInfoError1" startTime="2009-02-02T14:40:13.9901172+01:00" duration="35.63286" status="passed">
          <userStories>
            <userStory>Billing.SystemMessages</userStory>
          </userStories>
        </case>
        <case id="ExpectBillingInfoError2" startTime="2009-02-02T14:40:14.0057427+01:00" duration="35.6612955" status="passed">
          <userStories>
            <userStory>Billing.SystemMessages</userStory>
          </userStories>
        </case>
        <case id="ExpectBillingInfoError3" startTime="2009-02-02T14:40:14.0682447+01:00" duration="35.493013999999995" status="passed">
          <userStories>
            <userStory>Billing.SystemMessages</userStory>
          </userStories>
        </case>
        <case id="ExpectBillingInfoError4" startTime="2009-02-02T14:40:14.0838702+01:00" duration="35.492393299999996" status="passed">
          <userStories>
            <userStory>Billing.SystemMessages</userStory>
          </userStories>
        </case>
        <case id="ExpectBillingInfoError5" startTime="2009-02-02T14:40:14.0994957+01:00" duration="35.3574402" status="passed">
          <userStories>
            <userStory>Billing.SystemMessages</userStory>
          </userStories>
        </case>
        <case id="ExpectBillingInfoError6" startTime="2009-02-02T14:40:14.1151212+01:00" duration="35.4979958" status="passed">
          <userStories>
            <userStory>Billing.SystemMessages</userStory>
          </userStories>
        </case>
        <case id="ExpectBillingInfoError7" startTime="2009-02-02T14:40:14.1619977+01:00" duration="35.3991742" status="passed">
          <userStories>
            <userStory>Billing.SystemMessages</userStory>
          </userStories>
        </case>
        <case id="ExpectBillingInfoError8" startTime="2009-02-02T14:40:14.1776232+01:00" duration="35.475169099999995" status="passed">
          <userStories>
            <userStory>Billing.SystemMessages</userStory>
          </userStories>
        </case>
        <case id="ExpectBillingInfoError9" startTime="2009-02-02T14:40:14.2088742+01:00" duration="35.193152399999995" status="passed">
          <userStories>
            <userStory>Billing.SystemMessages</userStory>
          </userStories>
        </case>
        <case id="ExpectBillingInfoHelp" startTime="2009-02-02T14:40:14.2401252+01:00" duration="35.3954016" status="passed">
          <userStories>
            <userStory>Billing.SystemMessages</userStory>
          </userStories>
        </case>
        <case id="ExpectBillingInfoProv1" startTime="2009-02-02T14:40:14.2401252+01:00" duration="35.3570095" status="passed">
          <userStories>
            <userStory>Billing.SystemMessages</userStory>
          </userStories>
        </case>
        <case id="ExpectBillingInfoProv2" startTime="2009-02-02T14:40:14.2713762+01:00" duration="35.1628715" status="passed">
          <userStories>
            <userStory>Billing.SystemMessages</userStory>
          </userStories>
        </case>
        <case id="ExpectBillingInfoProv3" startTime="2009-02-02T14:40:14.2870017+01:00" duration="35.2725769" status="passed">
          <userStories>
            <userStory>Billing.SystemMessages</userStory>
          </userStories>
        </case>
        <case id="ExpectBillingInfoProv4" startTime="2009-02-02T14:40:49.5537552+01:00" duration="90.3265555" status="passed">
          <userStories>
            <userStory>Billing.SystemMessages</userStory>
          </userStories>
        </case>
        <case id="HelpRequest" startTime="2009-02-02T14:40:49.5693807+01:00" duration="30.8862377" status="passed">
          <userStories>
            <userStory>SMSUi.Help</userStory>
          </userStories>
        </case>
        <case id="ListManySubs" startTime="2009-02-02T14:40:49.5850062+01:00" duration="150.2178317" status="passed">
          <userStories>
            <userStory>SMSUi.SubscriptionList</userStory>
          </userStories>
        </case>
        <case id="ListNoneSubs" startTime="2009-02-02T14:40:49.6006317+01:00" duration="30.391844199999998" status="passed">
          <userStories>
            <userStory>SMSUi.SubscriptionList</userStory>
          </userStories>
        </case>
        <case id="ListNoneSubsForTopic" startTime="2009-02-02T14:40:49.6318827+01:00" duration="30.315551199999998" status="passed">
          <userStories>
            <userStory>SMSUi.SubscriptionListForTopic</userStory>
          </userStories>
        </case>
        <case id="ListSameSubs" startTime="2009-02-02T14:40:49.6787592+01:00" duration="90.6565285" status="passed">
          <userStories>
            <userStory>SMSUi.SubscriptionList</userStory>
          </userStories>
        </case>
        <case id="ListSubsForTopic1" startTime="2009-02-02T14:40:49.7100102+01:00" duration="120.1356254" status="passed">
          <userStories>
            <userStory>SMSUi.SubscriptionListForTopic</userStory>
          </userStories>
        </case>
        <case id="MoreUsersAddOnUpdateSubs" startTime="2009-02-02T14:40:49.7256357+01:00" duration="90.5119022" status="passed">
          <userStories>
            <userStory>SMSUi.AddSubs.Schedule</userStory>
          </userStories>
        </case>
        <case id="MoreUsersAddPeriodSubs" startTime="2009-02-02T14:40:49.8350142+01:00" duration="90.419717699999993" status="passed">
          <userStories>
            <userStory>SMSUi.AddSubs.Periodical</userStory>
          </userStories>
        </case>
        <case id="MoreUsersAddSchedSubs" startTime="2009-02-02T14:40:49.8350142+01:00" duration="90.1761963" status="passed">
          <userStories>
            <userStory>SMSUi.AddSubs.Schedule</userStory>
          </userStories>
        </case>
        <case id="OnUpdateSubsError6" startTime="2009-02-02T14:40:49.8350142+01:00" duration="30.274437" status="passed">
          <userStories>
            <userStory>SMSUi.Error</userStory>
          </userStories>
        </case>
        <case id="OnUpdateSubsError2" startTime="2009-02-02T14:40:49.8975162+01:00" duration="30.455271" status="passed">
          <userStories>
            <userStory>SMSUi.Error</userStory>
          </userStories>
        </case>
        <case id="OnUpdateSubsError4" startTime="2009-02-02T14:40:49.8975162+01:00" duration="30.444897599999997" status="passed">
          <userStories>
            <userStory>SMSUi.Error</userStory>
          </userStories>
        </case>
        <case id="OnUpdateSubsError3" startTime="2009-02-02T14:40:49.9131417+01:00" duration="30.4903268" status="passed">
          <userStories>
            <userStory>SMSUi.Error</userStory>
          </userStories>
        </case>
        <case id="ListSubsForTopicErr1" startTime="2009-02-02T14:40:49.9287672+01:00" duration="30.2762925" status="passed">
          <userStories>
            <userStory>SMSUi.SubscriptionListForTopic</userStory>
          </userStories>
        </case>
        <case id="OnUpdateSubsError5" startTime="2009-02-02T14:40:49.9287672+01:00" duration="30.5908768" status="passed">
          <userStories>
            <userStory>SMSUi.Error</userStory>
          </userStories>
        </case>
        <case id="OnUpdateSubsError1" startTime="2009-02-02T14:40:49.9443927+01:00" duration="30.3556617" status="passed">
          <userStories>
            <userStory>SMSUi.Error</userStory>
          </userStories>
        </case>
        <case id="OnUpdateSubsError8" startTime="2009-02-02T14:40:49.9756437+01:00" duration="30.3214673" status="passed">
          <userStories>
            <userStory>SMSUi.Error</userStory>
          </userStories>
        </case>
        <case id="OnUpdateSubsError7" startTime="2009-02-02T14:40:50.0068947+01:00" duration="30.299599299999997" status="passed">
          <userStories>
            <userStory>SMSUi.Error</userStory>
          </userStories>
        </case>
        <case id="OnUpdateSubsError9" startTime="2009-02-02T14:41:19.5390897+01:00" duration="30.046461899999997" status="passed">
          <userStories>
            <userStory>SMSUi.Error</userStory>
          </userStories>
        </case>
        <case id="OnUpdateSubsFromTime1" startTime="2009-02-02T14:41:19.9297272+01:00" duration="30.080567499999997" status="passed">
          <userStories>
            <userStory>SMSUi.AddSubs.OnUpdate</userStory>
          </userStories>
        </case>
        <case id="OnUpdateSubsFromTime2" startTime="2009-02-02T14:41:19.9922292+01:00" duration="30.0878357" status="passed">
          <userStories>
            <userStory>SMSUi.AddSubs.OnUpdate</userStory>
          </userStories>
        </case>
        <case id="OnUpdateSubsFromTime3" startTime="2009-02-02T14:41:20.1172332+01:00" duration="30.1036029" status="passed">
          <userStories>
            <userStory>SMSUi.AddSubs.OnUpdate</userStory>
          </userStories>
        </case>
        <case id="OnUpdateSubsRespond" startTime="2009-02-02T14:41:20.3203647+01:00" duration="60.107467" status="passed">
          <userStories>
            <userStory>SMSUi.AddSubs.OnUpdate</userStory>
          </userStories>
        </case>
        <case id="OnUpdateSubsTillTime2" startTime="2009-02-02T14:41:20.3359902+01:00" duration="30.1735081" status="passed">
          <userStories>
            <userStory>SMSUi.AddSubs.OnUpdate</userStory>
          </userStories>
        </case>
        <case id="OnUpdateSubsTillTime1" startTime="2009-02-02T14:41:20.3516157+01:00" duration="30.2405007" status="passed">
          <userStories>
            <userStory>SMSUi.AddSubs.OnUpdate</userStory>
          </userStories>
        </case>
        <case id="OnUpdateSubsNotAllowed" startTime="2009-02-02T14:41:20.3672412+01:00" duration="30.1776512" status="passed">
          <userStories>
            <userStory>SMSUi.AddSubs.OnUpdate</userStory>
          </userStories>
        </case>
        <case id="OnUpdateSubsTimeInterval2" startTime="2009-02-02T14:41:20.3984922+01:00" duration="30.107066" status="passed">
          <userStories>
            <userStory>SMSUi.AddSubs.OnUpdate</userStory>
          </userStories>
        </case>
        <case id="OnUpdateSubsTimeInterval1" startTime="2009-02-02T14:41:20.4297432+01:00" duration="30.189324499999998" status="passed">
          <userStories>
            <userStory>SMSUi.AddSubs.OnUpdate</userStory>
          </userStories>
        </case>
        <case id="OnUpdateSubsTimeIntervalErr3" startTime="2009-02-02T14:41:20.4766197+01:00" duration="30.136339999999997" status="passed">
          <userStories>
            <userStory>SMSUi.AddSubs.OnUpdate</userStory>
          </userStories>
        </case>
        <case id="OnUpdateSubsTimeIntervalErr5" startTime="2009-02-02T14:41:20.4766197+01:00" duration="30.0946857" status="passed">
          <userStories>
            <userStory>SMSUi.AddSubs.OnUpdate</userStory>
          </userStories>
        </case>
        <case id="OnUpdateSubsTimeIntervalErr7" startTime="2009-02-02T14:41:20.5078707+01:00" duration="30.1346137" status="passed">
          <userStories>
            <userStory>SMSUi.AddSubs.OnUpdate</userStory>
          </userStories>
        </case>
        <case id="PeriodSubsErr2" startTime="2009-02-02T14:41:49.6025517+01:00" duration="30.0220643" status="passed">
          <userStories>
            <userStory>SMSUi.AddSubs.Periodical</userStory>
          </userStories>
        </case>
        <case id="PeriodSubsErr3" startTime="2009-02-02T14:41:50.0244402+01:00" duration="30.064126499999997" status="passed">
          <userStories>
            <userStory>SMSUi.AddSubs.Periodical</userStory>
          </userStories>
        </case>
        <case id="PeriodSubsErr4" startTime="2009-02-02T14:41:50.1025677+01:00" duration="30.0670389" status="passed">
          <userStories>
            <userStory>SMSUi.AddSubs.Periodical</userStory>
          </userStories>
        </case>
        <case id="PeriodSubsFromTime1" startTime="2009-02-02T14:41:50.2431972+01:00" duration="30.0519711" status="passed">
          <userStories>
            <userStory>SMSUi.AddSubs.Periodical</userStory>
          </userStories>
        </case>
        <case id="PeriodSubsFromTime2" startTime="2009-02-02T14:41:50.5244562+01:00" duration="30.1091835" status="passed">
          <userStories>
            <userStory>SMSUi.AddSubs.Periodical</userStory>
          </userStories>
        </case>
        <case id="PeriodSubsFromTime3" startTime="2009-02-02T14:41:50.5244562+01:00" duration="30.2030501" status="passed">
          <userStories>
            <userStory>SMSUi.AddSubs.Periodical</userStory>
          </userStories>
        </case>
        <case id="PerSubInvalidTime1" startTime="2009-02-02T14:41:50.5244562+01:00" duration="30.128570399999997" status="passed">
          <userStories>
            <userStory>SMSUi.AddSubs.Periodical</userStory>
          </userStories>
        </case>
        <case id="PerSubInvalidTime2" startTime="2009-02-02T14:41:50.6494602+01:00" duration="30.0870735" status="passed">
          <userStories>
            <userStory>SMSUi.AddSubs.Periodical</userStory>
          </userStories>
        </case>
        <case id="PerSubsError6" startTime="2009-02-02T14:41:50.6494602+01:00" duration="30.0903636" status="passed">
          <userStories>
            <userStory>SMSUi.Error</userStory>
          </userStories>
        </case>
        <case id="PerSubsError7" startTime="2009-02-02T14:41:50.7119622+01:00" duration="30.1358401" status="passed">
          <userStories>
            <userStory>SMSUi.Error</userStory>
          </userStories>
        </case>
        <case id="PerSubsError8" startTime="2009-02-02T14:41:50.7119622+01:00" duration="30.0800153" status="passed">
          <userStories>
            <userStory>SMSUi.Error</userStory>
          </userStories>
        </case>
        <case id="PerSubsError9" startTime="2009-02-02T14:41:50.7432132+01:00" duration="30.0855158" status="passed">
          <userStories>
            <userStory>SMSUi.Error</userStory>
          </userStories>
        </case>
        <case id="PerSubsNotAllowed" startTime="2009-02-02T14:42:19.6347627+01:00" duration="30.0537988" status="passed">
          <userStories>
            <userStory>SMSUi.AddSubs.Periodical</userStory>
          </userStories>
        </case>
        <case id="RemoveAllSubs" startTime="2009-02-02T14:42:19.8691452+01:00" duration="120.06904279999999" status="passed">
          <userStories>
            <userStory>SMSUi.RemoveAllSubs</userStory>
          </userStories>
        </case>
        <case id="RemoveAllSubsEmpty" startTime="2009-02-02T14:42:20.0097747+01:00" duration="150.0406238" status="passed">
          <userStories>
            <userStory>SMSUi.RemoveAllSubs</userStory>
          </userStories>
        </case>
        <case id="RemoveAllSubsForTopic" startTime="2009-02-02T14:42:20.1035277+01:00" duration="210.06694869999998" status="passed">
          <userStories>
            <userStory>SMSUi.RemoveSubsForTopic</userStory>
          </userStories>
        </case>
        <case id="RemoveExistSubsForTopicAndType" startTime="2009-02-02T14:42:20.1816552+01:00" duration="150.1066165" status="passed">
          <userStories>
            <userStory>SMSUi.RemoveSubsForTopicAndType</userStory>
          </userStories>
        </case>
        <case id="RemoveMoreSubs" startTime="2009-02-02T14:42:20.2597827+01:00" duration="150.1155134" status="passed">
          <userStories>
            <userStory>SMSUi.RemoveSubsForTopicAndType</userStory>
          </userStories>
        </case>
        <case id="RemoveNonexistingTopic" startTime="2009-02-02T14:42:20.2754082+01:00" duration="30.083098099999997" status="passed">
          <userStories>
            <userStory>SMSUi.RemoveSubsForTopic</userStory>
          </userStories>
        </case>
        <case id="RemoveNonexistSubsForTopicAndType" startTime="2009-02-02T14:42:20.3222847+01:00" duration="90.06095289999999" status="passed">
          <userStories>
            <userStory>SMSUi.RemoveSubsForTopicAndType</userStory>
          </userStories>
        </case>
        <case id="RemoveSeveralSubsForTopic" startTime="2009-02-02T14:42:20.3222847+01:00" duration="240.1108806" status="passed">
          <userStories>
            <userStory>SMSUi.RemoveSubsForTopic</userStory>
          </userStories>
        </case>
        <case id="RemoveSubForTopic1" startTime="2009-02-02T14:42:20.4316632+01:00" duration="30.0624978" status="passed">
          <userStories>
            <userStory>SMSUi.RemoveSubsForTopic</userStory>
          </userStories>
        </case>
        <case id="RemoveSubsForTopic2" startTime="2009-02-02T14:42:20.6347947+01:00" duration="30.041652199999998" status="passed">
          <userStories>
            <userStory>SMSUi.RemoveSubsForTopic</userStory>
          </userStories>
        </case>
        <case id="RemoveSubsForTopicErr1" startTime="2009-02-02T14:42:20.6816712+01:00" duration="30.0415986" status="passed">
          <userStories>
            <userStory>SMSUi.RemoveSubsForTopic</userStory>
          </userStories>
        </case>
        <case id="RemoveTopicWithInvalidType" startTime="2009-02-02T14:42:20.7441732+01:00" duration="60.086942799999996" status="passed">
          <userStories>
            <userStory>SMSUi.RemoveSubsForTopicAndType</userStory>
          </userStories>
        </case>
        <case id="RemoveTopicWithNonexistTopic" startTime="2009-02-02T14:42:20.7597987+01:00" duration="60.2019628" status="passed">
          <userStories>
            <userStory>SMSUi.RemoveSubsForTopicAndType</userStory>
          </userStories>
        </case>
        <case id="SchedSubsError4" startTime="2009-02-02T14:42:20.8066752+01:00" duration="30.127673599999998" status="passed">
          <userStories>
            <userStory>SMSUi.Error</userStory>
          </userStories>
        </case>
        <case id="SchedSubsError5" startTime="2009-02-02T14:42:20.8379262+01:00" duration="30.0968849" status="passed">
          <userStories>
            <userStory>SMSUi.Error</userStory>
          </userStories>
        </case>
        <case id="ScheduledSubsErr1" startTime="2009-02-02T14:42:20.8379262+01:00" duration="30.110572299999998" status="passed">
          <userStories>
            <userStory>SMSUi.AddSubs.Schedule</userStory>
          </userStories>
        </case>
        <case id="ScheduledSubsErr2" startTime="2009-02-02T14:42:20.8691772+01:00" duration="30.0991853" status="passed">
          <userStories>
            <userStory>SMSUi.AddSubs.Schedule</userStory>
          </userStories>
        </case>
        <case id="ScheduledSubsErr3" startTime="2009-02-02T14:42:49.6982247+01:00" duration="30.0363601" status="passed">
          <userStories>
            <userStory>SMSUi.AddSubs.Schedule</userStory>
          </userStories>
        </case>
        <case id="ScheduledSubsErr4" startTime="2009-02-02T14:42:49.8544797+01:00" duration="30.0665262" status="passed">
          <userStories>
            <userStory>SMSUi.AddSubs.Schedule</userStory>
          </userStories>
        </case>
        <case id="ScheduledSubsErr5" startTime="2009-02-02T14:42:50.3857467+01:00" duration="30.103600099999998" status="passed">
          <userStories>
            <userStory>SMSUi.AddSubs.Schedule</userStory>
          </userStories>
        </case>
        <case id="ScheduledSubsErr6" startTime="2009-02-02T14:42:50.5107507+01:00" duration="30.0456324" status="passed">
          <userStories>
            <userStory>SMSUi.AddSubs.Schedule</userStory>
          </userStories>
        </case>
        <case id="ScheduledSubsErr7" startTime="2009-02-02T14:42:50.6826312+01:00" duration="30.0328022" status="passed">
          <userStories>
            <userStory>SMSUi.AddSubs.Schedule</userStory>
          </userStories>
        </case>
        <case id="ScheduledSubsErr8" startTime="2009-02-02T14:42:50.7295077+01:00" duration="30.0617995" status="passed">
          <userStories>
            <userStory>SMSUi.AddSubs.Schedule</userStory>
          </userStories>
        </case>
        <case id="SearchRequest1" startTime="2009-02-02T14:42:50.9638902+01:00" duration="30.0609218" status="passed">
          <userStories>
            <userStory>SMSUi.Search</userStory>
          </userStories>
        </case>
        <case id="SearchRequest2" startTime="2009-02-02T14:42:50.9795157+01:00" duration="30.0795188" status="passed">
          <userStories>
            <userStory>SMSUi.Search</userStory>
          </userStories>
        </case>
        <case id="SearchRequest3" startTime="2009-02-02T14:42:50.9951412+01:00" duration="30.073508699999998" status="passed">
          <userStories>
            <userStory>SMSUi.Search</userStory>
          </userStories>
        </case>
      </suite>
      <suite id="SPGUISuiteTestSuite">
        <case id="AddDifferentSubsFromTopTopicLinkMms" startTime="2009-02-02T14:46:20.4862197+01:00" duration="0.1057582" status="skipped">
          <userStories>
            <userStory>SPGUI.AddSubs.Schedule</userStory>
          </userStories>
        </case>
        <case id="AddDifferentSubsFromTopTopicLinkSms" startTime="2009-02-02T14:46:20.6112237+01:00" duration="0.058036399999999995" status="skipped">
          <userStories>
            <userStory>SPGUI.AddSubs.OnUpdate</userStory>
          </userStories>
        </case>
        <case id="AddOnUpdateSubscriptionMms" startTime="2009-02-02T14:46:20.6737257+01:00" duration="0.030473499999999997" status="skipped">
          <userStories>
            <userStory>SPGUI.AddSubs.OnUpdate</userStory>
          </userStories>
        </case>
        <case id="AddOnUpdateSubscriptionSms" startTime="2009-02-02T14:46:20.7206022+01:00" duration="0.031224099999999998" status="skipped">
          <userStories>
            <userStory>SPGUI.AddSubs.OnUpdate</userStory>
          </userStories>
        </case>
        <case id="AddOnUpdateSubscriptionThroughTopTopic" startTime="2009-02-02T14:46:20.7674787+01:00" duration="0.0455625" status="skipped">
          <userStories>
            <userStory>SPGUI.AddSubs.OnUpdate</userStory>
          </userStories>
        </case>
        <case id="AddOnUpdateSubsSeveralThroughSMSUi" startTime="2009-02-02T14:46:20.8143552+01:00" duration="0" status="inconclusive">
          <userStories>
            <userStory>SPGUI.ViewSubscriptionsList</userStory>
          </userStories>
        </case>
      </suite>
    </suites>
  </testRun>
</report>